<?xml version="1.0" encoding="UTF-8"?>
<!-- Generated by org.testng.reporters.JUnitXMLReporter -->
<testsuite ignored="0" hostname="SWARNAVO" failures="0" tests="3" name="ActiTime Parallel Tests" time="59.278" errors="0" timestamp="2025-12-27T12:18:58 IST">
  <testcase classname="ActiTime.Case2" name="loginTest" time="51.441"/>
  <testcase classname="ActiTime.Case1" name="loginTest" time="53.607"/>
  <testcase classname="ActiTime.Case3" name="loginTest" time="59.195"/>
</testsuite> <!-- ActiTime Parallel Tests -->
