<?xml version="1.0" encoding="UTF-8"?>
<!-- Generated by org.testng.reporters.JUnitXMLReporter -->
<testsuite ignored="0" hostname="SWARNAVO" failures="0" tests="3" name="ActiTime Tests" time="91.349" errors="0" timestamp="2025-12-27T12:29:30 IST">
  <testcase classname="ActiTime.Case1" name="loginTest" time="31.971"/>
  <testcase classname="ActiTime.Case2" name="loginTest" time="28.4"/>
  <testcase classname="ActiTime.Case3" name="loginTest" time="30.913"/>
</testsuite> <!-- ActiTime Tests -->
